<?xml version="1.0" encoding="UTF-8"?>
<!-- Generated by org.testng.reporters.JUnitReportReporter -->
<testsuite hostname="Raryan" failures="0" tests="2" name="qa.testFiles.TestClass" time="104.276" errors="0" timestamp="2024-01-13T20:34:37 IST" skipped="0">
  <testcase classname="qa.testFiles.TestClass" name="testHomeElements" time="7.314"/>
  <system-out/>
  <testcase classname="qa.testFiles.TestClass" name="testAboutTab" time="96.962"/>
  <system-out/>
</testsuite> <!-- qa.testFiles.TestClass -->
