<?xml version="1.0" encoding="UTF-8"?>
<!-- Generated by org.testng.reporters.JUnitReportReporter -->
<testsuite hostname="Raryan" failures="0" tests="2" name="qa.testFiles.TestClass" time="30.012" errors="0" timestamp="2024-01-12T21:57:17 IST" skipped="0">
  <testcase classname="qa.testFiles.TestClass" name="testHomeElements" time="19.999"/>
  <system-out/>
  <testcase classname="qa.testFiles.TestClass" name="testAboutTab" time="10.013"/>
  <system-out/>
</testsuite> <!-- qa.testFiles.TestClass -->
