<?xml version="1.0" encoding="UTF-8"?>
<!-- Generated by org.testng.reporters.JUnitReportReporter -->
<testsuite hostname="Raryan" failures="0" tests="2" name="qa.testFiles.TestClass" time="7.455" errors="0" timestamp="2024-01-11T21:55:53 IST" skipped="0">
  <testcase classname="qa.testFiles.TestClass" name="testHomeElements" time="3.424"/>
  <system-out/>
  <testcase classname="qa.testFiles.TestClass" name="testAboutTab" time="4.031"/>
  <system-out/>
</testsuite> <!-- qa.testFiles.TestClass -->
